[   0.0000] Linux version 4.15.0-54-generic (buildd@lgw01-amd64-014) (gcc version 7.4.0 (Ubuntu 7.4.0-1ubuntu1~18.04.1)) #58-Ubuntu SMP Mon Jun 24 10:55:24 UTC 2019 (Ubuntu 4.15.0-54.58-generic 4.15.18)
[    0.000000] Comma line: BOOT_IMAGE=/boot/vmlinuz-4.15.0-54-generic root=UUID=b84f0176-44b1-4c9f-994d-2a772374f7f6 ro console=tty1 console=ttyS0
[    0.000000] KERNEL supported cpus:
[    0.000000]   Intel GenuineIntel
[    0.0000]   AMD AuthenticAMD
[  0.00000]   Centaur CentaurHauls
[     0.000000] 86/f: Supporting XSAVE feature 0x001: 'x87 floating point registers'
[    0.000000] x86/fpu: Supporting XSAVE feature 0x002: 'SSE registers'
[    0.000000] x86/fpu: Supporting XSAVE feature 0x004: 'AVX registers'
[    0.000000] x86/fpu: xstate_offset[2]:  576, xstate_sizes[2]:  256
[    0.000000] x86/fpu: Enabled xstate features 0x7, context size is 832 bytes, using 'standard' format.
[    0.000000] e820: BIOS-provided physical RAM map:
[    .00000] BIOS-e820: [mem 0x0000000000000000-0x000000000009fbff] usable
[    0.000000] BIOS-e820: [mem 0x000000000009fc00-0x000000000009ffff] reserved
[    0.000000] BIOS-e820: [mem 0x00000000000f0000-0x00000000000fffff] reserved
[    0.000000] BIOS-e820: [mem 0x0000000000100000-0x000000003ffeffff] usable
[    0.000000] BIOS-e820: [mem 0x000000003fff0000-0x000000003fffffff] ACPI data
[    0.000000] BIOS-e820: [mem 0x00000000fec00000-0x00000000fec00fff] reserved
[    0.000000] BIOS-20: [mem 0x00000000fee00000-0x00000000fee00fff] reserved
[    0.000000] BIOS-e820: [mem 0x00000000fffc0000-0x00000000ffffffff] reserved
[    0.000000] NX (Execute Disable) protection: active
[    0.000000] SMBIOS 2.5 present.
[    0.000000] DMI: innotek GmbH VirualBox/VirtualBox, BIOS VirtualBox 12/01/2006
    0.0000] Hypeisor tected: KVM
[    0.000000] e820: last_pfn = 0x3fff0 max_arch_pfn = 0x400000000
[    0.000000] MTRR: Disabled
[    0.000000] x86/PAT: MTRRs disabled, skipping PAT initialization too.
[    0.000000] CPU MTRRs all blank - virtualized system.
[    0.000000] x86/PAT: Configuration [0-7]: WB  WT  UC- UC  WB  WT  UC- UC  
[    0.000000] found SMP MP-table atmem 0x0009fff0-0x0009ffff] mapped at [        (ptrval)]
[    0.000000] Scanning 1 areas for low memory corruption
[    0.000000] RAMDISK: [memx359d7000x36ce2fff]
[    0.000000] ACPI: Early table checksum verification disabled
[    0.000000] ACPI: RSDP 0x00000000000E0000 000024 (v02 VBOX  )
[    0.000000] ACPI: XSDT 0x000000003FFF0030 00003C (v01 VBOX   VBOXXSDT 00000001 ASL  0000061)
[    0.000000] ACPI: FACP 0x000000003FFF00F0 0000F4 (v04 VBOX   VBOXFACP 00000001 ASL  00000061)
[    0.000000] ACPI: DSDT 0x000000003FFF0470 0021FF (v02 VBOX   VBOXBIOS 00000002 INTL 20100528)
[    0.000000] ACPI: FACS 0x000000003FFF0200 000040
[    0.0000000] ACPI: FACS 0x000000003FFF0200 000040
[    0.000000] ACPI: APIC 0x000000003FFF0240 00005C (v02 VBOX   VBOXAPIC 00000001 ASL  00000061)
[    0.000000] ACPI: SSDT 0x0000003FF02 000CC(v01 VBOX   VBOXCPUT 00000002 INTL 20100528)
[  0000000] No NUMA configurio found
[  0.000000] Faking a node at [mem 0x0000000000000000-0x000000003ffeffff]
[    0.000000] NODE_DATA(0) allocated [mem 0x3ffc5000-0x3ffeffff]
[    0.000000] kvm-cloc: cpu 0 msr 0:f4001, priry cp cck
[    0.000000] kvm-clock: Using msrs 4b564d01 and 4b564d00
[    0.000000] kvm-clock: using schedffset of 4668341849 cycles
[    0.000000] clocksouce: kvm-clock: mask: 0xffffffffffffffff max_cycles: 0x1cd42e4dffb, max_idle_ns: 881590591483 ns
[    0.000000] Zone ranges:
[    0.000000]   DMA      [mem 0x0000000000001000-0x00000000ffffff]
[    0.000000]   DMA32    [mem 0x0000000001000000-0x000000003ffeffff]
[    0.000000]   Normal   empty
[    0.000000]   Device   empty
[    0.000000] Movable zone starfor eachod
[    0.000000] Early memory node ranges
[    0.000000]   node   0: [mem 0x0000000000001000-0x000000000009efff]
[    0.000000]   node   0: [mem 0x0000000000100000-0x000000003ffeffff]
[    0.000000] Reserved but unavailable: 114 pages
[    0.0000] Initmem setup node 0 [mem 0x0000000000001000-0x000000003ffffff
    0.000000] ACPI: PM-Timer IO Port: 0x4008
[    0.000000] IOAPIC[0]: apic_id 2, version 32, address 0xfec00000, GSI 0-23
[    0.000000] ACPI: INT_SRC_OVR (bus 0 bus_irq 0 global_irq 2 dfl dfl)
[    0.000000] ACPI: INT_SRC_OVR (bus 0 bus_irq 9 global_irq 9 low level)
[    0.000000] Using ACPI (MADT) for SMP configuration information
[    0.000000] smpboot: Allowing 2 CPUs, 0 hotplug CPUs
[    0.000000] PM: Registered nosave memory: [mem 0x00000000-0x00000fff]
[    0.000000] PM: Regstered nosave memory: [mem 0x0009f000-0x0009ffff]
[    0.000000] PM: Reggistered nosave memory: [mem 0x000a0000-0x000effff]
[    0.000000] PM: Registered nosave memory: [mem 0x000f0000-0x000fffff]
[    0.000000] e820: [mem 0x40000000-0xfebffff available for PCI devices
[    0.000000] Booting parirtualized kernel oKVM
[  0000000] clocksource: refined-jiffies: ma: xffffffff x_cycles: 0xfffff, x_idle_ns: 7645519600211568 ns
[    0.000000] random:et_radom_bys alled from art_kerl+x99/0x4fd with crng_init=0
[    0.000000] setup_percpu: NR_CPUS:8192 nr_cpumask_bits:2 nr_cpu_ids:2 nr_node_ids:1
[    0.000000] percpu: Embedded 46 pages/cpu @        (ptrval) s151552 r8192 d28672 u1048576
[    0.000000] PV qspinlock hash table entries: 256 (order: 0, 4096 bytes)
[    0.000000] Built 1 zonelists, mobilityrouping . Total pages: 2513
[    0.000000] Policy zone: DMA32
[    0.000000] Kernel command line: BOOT_IMAGE=/boot/vmlinuz-4.15.0-54-generic root=UUID=b84f0176-44b1-4c9f-994d-2a772374f7f6 ro console=tty1 console=ttyS0
[    0.000000] Memory: 983080K/1048120K available (12300K kernel code, 2473K rwdata, 4272K rodata, 2408K init, 2416K bss, 65040K reserved, 0K cma-reserved)
[    0.000000] SLUB: HWalign=64, Order=0-3, MinObjects=0, CPUs=2, Nodes=1
[  0.0000] Kernel/User page tables isolation: enabled
[    0.000000] ftrace: allocating 39216 entries in 154 pages
[    0.004000] Hierarchical RCU implementation.
[    0.004000] 	RCU restricting CPUs from NR_CPUS=8192 to nr_cpu_ids=2.
[    0.004000] 	Tasks RCU enabled.
[    0.004000] RCU: Adjusing geometry for rcu_fanout_leaf=16, nr_cpu_ids=2
[    004000] NR_IRQS: 524544, nr_irqs: 440, preallocated irqs: 16
[    0.004000] Console: colour VGA+ 80x25
[    0.004000] console [tty1] enabled
[    0.004000] console [ttyS0] enabled
[    0.004000] ACPI: Core revision 20170831
[    0.004000] ACPI: 2 ACPI AML tables successfully acquired and loaded
[    0.004000] APIC: Switch to symmetric I/O mode setup
[    0.004000] x2apic enabled
[    0.004000] Switched APIC routing to physical x2apic.
[    0.004637] ..TIMER: vector=0x30 apic1=0 pin1=2 apic2=-1 pin2=-1
[    0.008003] tsc: Detected 2304.000 MHz processor
[    0.012010] Calibrating delay loop (skipped) preset value.. 4608.00 BogoMIPS (lpj=9216000)
[    0.016003] pid_max: default: 32768 minimum: 301
[    0.017320] Security Framework initialized
[    0.018471] Yama: becoming mindful.
[    0.020022] AppArmor: AppArmor initialized
[    0.025590] Dentry cache hash table entries: 131072 (order: 8, 1048576 bytes)
[    0.028068] Inode-cache hash table entries: 65536 (order: 7, 524288 bytes)
[    0.032025] Mount-cache hash table entries: 2048 (order: 2, 16384 bytes)
[    0.036014] Mountpoint-cache hash table entries: 2048 (order: 2, 16384 bytes)
[    0.038142] mce: CPU supports 0 MCE banks
[    0.040017] Last level iTLB entries: 4KB 64, 2MB 8, 4MB 8
[    0.044002] Last level dTLB entries: 4KB 64, 2MB 0, 4MB 0, 1GB 4
[    0.048005] Spectre V2 : Mitigation: Full generic retpoline
[    0.052002] Spectre V2 : Spectre v2 / SpectreRSB mitigation: Filling RSB on context switch
[    0.056004] Speculative Store Bypass: Vulnerable
[    0.060047] MDS: Vulnerable: Clear CPU buffers attempted, no microcode
[    0.064085] Freeing SMP alternatives memory: 36K
[    0.072000] smpboot: CPU0: Intel(R) Core(TM) i5-7360U CPU @ 2.30GHz (family: 0x6, model: 0x8e, stepping: 0x9)
[    0.072094] Performance Events: unsupported p6 CPU model 142 no PMU driver, software events only.
[    0.074574] Hierarchical SRCU implementation.
[    0.076525] NMI watchdog: Perf event create on CPU 0 failed with -2
[    0.080002] NMI watchdog: Perf NMI watchdog permanently disabled
[    0.084076] smp: Bringing up secondary CPUs ...
[    0.088082] x86: Booting SMP configuration:
[    0.092004] .... node  #0, CPUs:      #1
[    0.004000] kvm-clock: cpu 1, msr 0:3ff44041, secondary cpu clock
[    0.004000] mce: CPU supports 0 MCE banks
[    0.098505] smp: Brought up 1 node, 2 CPUs
[    0.100006] smpboot: Max logical packages: 1
[    0.104005] smpboot: Total of 2 processors activated (9216.00 BogoMIPS)
[    0.105995] devtmpfs: initialized
[    0.108073] x86/mm: Memory block size: 128MB
[    0.109658] evm: security.selinux
[    0.112009] evm: security.SMACK64
[    0.113108] evm: security.SMACK64EXEC
[    0.114320] evm: security.SMACK64TRANSMUTE
[    0.115579] evm: security.SMACK64MMAP
[    0.116005] evm: security.apparmor
[    0.117041] evm: security.ima
[    0.118042] evm: security.capability
[    0.120102] clocksource: jiffies: mask: 0xffffffff max_cycles: 0xffffffff, max_idle_ns: 7645041785100000 ns
[    0.122888] futex hash table entries: 512 (order: 3, 32768 bytes)
[    0.124090] pinctrl core: initialized pinctrl subsystem
[    0.130060] RTC time: 11:31:22, date: 07/18/19
[    0.132535] NET: Registered protocol family 16
[    0.136170] audit: initializing netlink subsys (disabled)
[    0.138599] audit: type=2000 audit(1563449484.679:1): state=initialized audit_enabled=0 res=1
[    0.148034] cpuidle: using governor ladder
[    0.152009] cpuidle: using governor menu
[    0.156107] ACPI: bus type PCI registered
[    0.157832] acpiphp: ACPI Hot Plug PCI Controller Driver version: 0.5
[    0.160169] PCI: Using configuration type 1 for base access
[    0.169193] HugeTLB registered 2.00 MiB page size, pre-allocated 0 pages
[    0.172157] ACPI: Added _OSI(Module Device)
[    0.176006] ACPI: Added _OSI(Processor Device)
[    0.180016] ACPI: Added _OSI(3.0 _SCP Extensions)
[    0.184006] ACPI: Added _OSI(Processor Aggregator Device)
[    0.188005] ACPI: Added _OSI(Linux-Dell-Video)
[    0.192003] ACPI: Added _OSI(Linux-Lenovo-NV-HDMI-Audio)
[    0.196003] ACPI: Added _OSI(Linux-HPI-Hybrid-Graphics)
[    0.200407] ACPI: Executed 1 blocks of module-level executable AML code
[    0.209630] ACPI: Interpreter enabled
[    0.212014] ACPI: (supports S0 S5)
[    0.216004] ACPI: Using IOAPIC for interrupt routing
[    0.220202] PCI: Using host bridge windows from ACPI; if necessary, use "pci=nocrs" and report a bug
[    0.224202] ACPI: Enabled 2 GPEs in block 00 to 07
[    0.237845] ACPI: PCI Root Bridge [PCI0] (domain 0000 [bus 00-ff])
[    0.240009] acpi PNP0A03:00: _OSC: OS supports [ASPM ClockPM Segments MSI]
[    0.244027] acpi PNP0A03:00: _OSC: not requesting OS control; OS requires [ExtendedConfig ASPM ClockPM MSI]
[    0.248020] acpi PNP0A03:00: fail to add MMCONFIG information, can't access extended PCI configuration space under this bridge.
[    0.252483] PCI host bridge to bus 0000:00
[    0.253643] pci_bus 0000:00: root bus resource [io  0x0000-0x0cf7 window]
[    0.256008] pci_bus 0000:00: root bus resource [io  0x0d00-0xffff window]
[    0.260009] pci_bus 0000:00: root bus resource [mem 0x000a0000-0x000bffff window]
[    0.264004] pci_bus 0000:00: root bus resource [mem 0x40000000-0xfdffffff window]
[    0.268004] pci_bus 0000:00: root bus resource [bus 00-ff]
[    0.276981] pci 0000:00:01.1: legacy IDE quirk: reg 0x10: [io  0x01f0-0x01f7]
[    0.280004] pci 0000:00:01.1: legacy IDE quirk: reg 0x14: [io  0x03f6]
[    0.284005] pci 0000:00:01.1: legacy IDE quirk: reg 0x18: [io  0x0170-0x0177]
[    0.288008] pci 0000:00:01.1: legacy IDE quirk: reg 0x1c: [io  0x0376]
[    0.309886] pci 0000:00:07.0: quirk: [io  0x4000-0x403f] claimed by PIIX4 ACPI
[    0.312020] pci 0000:00:07.0: quirk: [io  0x4100-0x410f] claimed by PIIX4 SMB
[    0.334134] ACPI: PCI Interrupt Link [LNKA] (IRQs 5 9 10 *11)
[    0.336139] ACPI: PCI Interrupt Link [LNKB] (IRQs 5 9 *10 11)
[    0.337877] ACPI: PCI Interrupt Link [LNKC] (IRQs 5 *9 10 11)
[    0.340142] ACPI: PCI Interrupt Link [LNKD] (IRQs 5 9 10 *11)
[    0.342341] SCSI subsystem initialized
[    0.344077] pci 0000:00:02.0: vgaarb: setting as boot VGA device
[    0.345701] pci 0000:00:02.0: vgaarb: VGA device added: decodes=io+mem,owns=io+mem,locks=none
[    0.348009] pci 0000:00:02.0: vgaarb: bridge control possible
[    0.350461] vgaarb: loaded
[    0.352051] ACPI: bus type USB registered
[    0.353856] usbcore: registered new interface driver usbfs
[    0.356015] usbcore: registered new interface driver hub
[    0.360057] usbcore: registered new device driver usb
[    0.364030] EDAC MC: Ver: 3.0.0
[    0.368188] PCI: Using ACPI for IRQ routing
[    0.376194] NetLabel: Initializing
[    0.377689] NetLabel:  domain hash size = 128
[    0.379589] NetLabel:  protocols = UNLABELED CIPSOv4 CALIPSO
[    0.380023] NetLabel:  unlabeled traffic allowed by default
[    0.384229] clocksource: Switched to clocksource kvm-clock
[    0.12] S:isquasqu_6.0[  032710] VFS: Dquot-cache hash table entries: 512 (order 0, 4096 bytes)
[    0.942987] AppArmor: AppArmor Filesystem Enabled
[    0.944393] pnp: PnP PIni
[    1.57] p:nPCP found 3 devices
[  1.374010] clocksource: acpi_pm: mask: 0xffffff max_cycles: 0xffffff, max_idle_ns: 2085701024 ns
[    1.419632] NET: Registered protocol family 2

[    1.423128] TCP established hash table entries: 8192 (order: 4, 65536 bytes)
[    1.425299] TCP bind hash table entries: 8192 (order: 5, 131072 bytes)
[    1.427014] TCP: Hash tables configured (established 8192 bind 8192)
[    1.428366] UDP hash table entries: 512 (order: 2, 16384 bytes)
[    1.429704] UDP-Lite hash table entries: 512 (order: 2, 16384 bytes)
[    1.431125] NET: Registered protocol family 1
[    1.432174] pci 0000:00:00.0: Limiting direct PCI/PCI transfers
[    1.434260 pci 0000:00:01.0: Activating ISA DMA hang workarounds
[    1.474834] pci 0000:00:02.0: Video device with shadowed ROM at [mem 0x000c0000-0x000dffff
  1.47] paininramfs..
[    2.112926] Freeing initrd memory: 19504K
[    2.151670] clocksource: tsc: mask: 0xffffffffffffffff max_cycles: 0x2135f7c97c8, max_idle_ns: 440795273205 ns
[    2.154478] platform rtc_cmos: registered platform RTC device (no PNP device found)
[    2.181282] Scanning for low memory corruption every 60 seconds
[    2.233798] Initialise system trusted keyrings
[    2.261676] Key type blacklist registered
[    2.288815] workingset: timestamp_bits=36 max_order=18 bucket_order=0
[    2.339106] zbud: loaded
[    2.341559] squashfs: version 4.0 (2009/01/31) Phillip Lougher
[    2.403230] fuse init (API version 7.26)
[    2.413433] Key type asymmetric registered
[    2.414320] Asymmetric key parser 'x509' registered
[    2.415355] Block layer SCSI generic (bsg) driver version 0.4 loaded (major 246)
[    2.457364] io scheduler noop registered
[    2.501736] io scheduler deadline registered
[    2.508830] io scheduler cfq registered (default)
[    2.510727] ACPI: AC Adapter [AC] (off-line)
[    2.517772] input: Power Button as /devices/LNXSYSTM:00/LNXPWRBN:00/input/input0
[    2.520129] ACPI: Power Button [PWRF]
[    2.521376] input: Sleep Button as /devices/LNXSYSTM:00/LNXSLPBN:00/input/input1
[    2.523672] ACPI: Sleep Button [SLPF]
[    2.527119] ACPI: Battery Slot [BAT0] (battery present)
[    2.528856] Serial: 8250/16550 driver, 32 ports, IRQ sharing enabled
[    2.555575] 00:02: ttyS0 at I/O 0x3f8 (irq = 4, base_baud = 115200) is a 16550A
[    2.567742] Linux gpgart interface v0.103

[    2.604307] loop: module loaded
[    2.616902] scsi host0: ata_piix
[    2.617984] scsi host1: ata_piix
[    2.618896] ata1: PATA max UDMA/33 cmd 0x1f0 ctl 0x3f6 bmdma 0xd000 irq 14
[    2.626329] ata2: PATA max UDMA/33 cmd 0x170 ctl 0x376 bmdma 0xd008 irq 15
[    2.627856] libphy: Fixed MDIO Bus: probed
[    2.629156] tun: Universal TUN/TAP device driver, 1.6
[    2.630869] PPP generic driver version 2.4.2
[    2.632127] ehci_hcd: USB 2.0 'Enhanced' Host Controller (EHCI) Driver
[    2.633735] ehci-pci: EHCI PCI platform driver
[    2.634849] ehci-platform: EHCI generic platform driver
[    2.653527] ohci_hcd: USB 1.1 'Open' Host Controller (OHCI) Driver
[    2.670256] ohci-pci: OHCI PCI platform driver
[    2.671510] ohci-platform: OHCI generic platform driver
[    2.697067] uhci_hcd: USB Universal Host Controller Interface driver
[    2.755183] i8042: PNP: PS/2 Controller [PNP0303:PS2K,PNP0f03:PS2M] at 0x60,0x64 irq 1,12
[    2.804056] serio: i8042 KBD port at 0x60,0x64 irq 1
[    2.805509] serio: i8042 AUX port at 0x60,0x64 irq 12
[    2.807183] mousedev: PS/2 mouse device common for all mice
[    2.872183] input: AT Translated Set 2 keyboard as /devices/platform/i8042/serio0/input/input2
[    2.880390] rtc_cmos rtc_cmos: rtc core: registered rtc_cmos as rtc0
[    2.880440] rtc_cmos rtc_cmos: alarms up to one day, 114 bytes nvram
[    2.880448] i2c /dev entries driver
[    2.880507] device-mapper: uevent: version 1.0.3
[    2.880554] device-mapper: ioctl: 4.37.0-ioctl (2017-09-20) initialised: dm-devel@redhat.com
[    3.044069] ledtrig-cpu: registered to indicate activity on CPUs
[    3.219565] NET: Registered protocol family 10
[    3.282959] Segment Routing with IPv6
[    3.337107] NET: Registered protocol family 17
[    3.438849] Key type dns_resolver registered
[    3.498807] RAS: Correctable Errors collector initialized.
[    3.600784] sched_clock: Marking stable (3600749597, 0)->(8567736505, -4966986908)
[    3.615671] registered taskstats version 1
[    3.617047] Loading compiled-in X.509 certificates
[    3.622456] Loaded X.509 cert 'Build time autogenerated kernel key: 1cc14bc8298a06d551159822c55fa35abd77a621'
[    3.625286] zswap: loaded using pool lzo/zbud
[    3.630816] Key type big_key registered
[    3.635360] Key type trusted registered
[    3.639844] Key type encrypted registered
[    3.642770] AppArmor: AppArmor sha1 policy hashing enabled
[    3.644904] ima: No TPM chip found, activating TPM-bypass! (rc=-19)
[    3.647380] ima: Allocated hash algorithm: sha1
[    3.649456] evm: HMAC attrs: 0x1
[    3.651722]   Magic number: 11:3:530
[    3.654507] tty ttyS10: hash matches
[    3.656106] rtc_cmos rtc_cmos: setting system clock to 2019-07-18 11:31:27 UTC (1563449487)
[    3.660918] BIOS EDD facility v0.16 2004-Jun-25, 0 devices found
[    3.664559] EDD information not available.
[    3.671247] Freeing unused kernel image memory: 2408K
[    3.684118] Write protecting the kernel read-only data: 20480k
[    3.687709] Freeing unused kernel image memory: 2008K
[    3.689145] Freeing unused kernel image memory: 1872K
[    3.694743] x86/mm: Checked W+X mappings: passed, no W+X pages found.
[    3.730116] x86/mm: Checking user space page tables
[    3.735891] x86/mm: Checked W+X mappings: passed, no W+X pages found.
Loading, please wait...
starting version 237
[    3.791199] Fusion MPT base driver 3.04.20
[    3.792264] Copyright (c) 1999-2008 LSI Corporation
[    3.795104] e1000: Intel(R) PRO/1000 Network Driver - version 7.3.21-k8-NAPI
[    3.797087] e1000: Copyright (c) 1999-2006 Intel Corporation.
[    3.805251] Fusion MPT SPI Host driver 3.04.20
[    3.819114] AVX2 version of gcm_enc/dec engaged.
[    3.820307] AES CTR mode by8 optimization enabled
[    4.013149] input: ImExPS/2 Generic Explorer Mouse as /devices/platform/i8042/serio1/input/input4
[    4.206886] e1000 0000:00:03.0 eth0: (PCI:33MHz:32-bit) 02:06:b1:f3:7b:7f
[    4.235340] e1000 0000:00:03.0 eth0: Intel(R) PRO/1000 Network Connection
[    4.238127] mptbase: ioc0: Initiating bringup
[    4.524962] ioc0: LSI53C1030 A0: Capabilities={Initiator}
[    4.857797] scsi host2: ioc0: LSI53C1030 A0, FwRev=00000000h, Ports=1, MaxQ=256, IRQ=20
[    5.361229] scsi 2:0:0:0: Direct-Access     VBOX     HARDDISK         1.0  PQ: 0 ANSI: 5
[    5.616553] scsi target2:0:0: Beginning Domain Validation
[    5.713822] scsi target2:0:0: Domain Validation skipping write tests
[    5.715206] scsi target2:0:0: Ending Domain Validation
[    5.716364] scsi target2:0:0: asynchronous
[    5.717874] scsi 2:0:1:0: Direct-Access     VBOX     HARDDISK         1.0  PQ: 0 ANSI: 5
[    6.012163] scsi target2:0:1: Beginning Domain Validation
[    6.017325] random: fast init done
[    6.020559] scsi target2:0:1: Domain Validation skipping write tests
[    6.021921] scsi target2:0:1: Ending Domain Validation
[    6.023081] scsi target2:0:1: asynchronous
[    6.029632] random: systemd-udevd: uninitialized urandom read (16 bytes read)
[    6.037681] sd 2:0:0:0: Attached scsi generic sg0 type 0
[    6.055079] random: systemd-udevd: uninitialized urandom read (16 bytes read)
[    6.090633] random: systemd-udevd: uninitialized urandom read (16 bytes read)
[    6.112570] sd 2:0:0:0: [sda] 20971520 512-byte logical blocks: (10.7 GB/10.0 GiB)
[    6.117243] sd 2:0:1:0: Attached scsi generic sg1 type 0
[    6.120208] sd 2:0:0:0: [sda] Write Protect is off
[    6.120362] sd 2:0:0:0: [sda] Incomplete mode parameter data
[    6.120363] sd 2:0:0:0: [sda] Assuming drive cache: write through
[    6.121307] sd 2:0:1:0: [sdb] 20480 512-byte logical blocks: (10.5 MB/10.0 MiB)
[    6.121346] sd 2:0:1:0: [sdb] Write Protect is off
[    6.121587] sd 2:0:1:0: [sdb] Incomplete mode parameter data
[    6.121589] sd 2:0:1:0: [sdb] Assuming drive cache: write through
[    6.129180]  sda: sda1
[    6.130233] sd 2:0:0:0: [sda] Attached SCSI disk
[    6.130710] sd 2:0:1:0: [sdb] Attached SCSI disk
[    6.141089] e1000 0000:00:08.0 eth1: (PCI:33MHz:32-bit) 08:00:27:e6:28:6f
[    6.141093] e1000 0000:00:08.0 eth1: Intel(R) PRO/1000 Network Connection
[    6.146739] e1000 0000:00:08.0 enp0s8: renamed from eth1
[    6.176642] e1000 0000:00:03.0 enp0s3: renamed from eth0
Begin: Loading essential drivers ... [    7.568444] raid6: sse2x1   gen() 12508 MB/s
[    7.672719] raid6: sse2x1   xor()  9079 MB/s
[    7.816721] raid6: sse2x2   gen() 14191 MB/s
[    7.948447] raid6: sse2x2   xor() 11203 MB/s
[    8.032256] raid6: sse2x4   gen() 10472 MB/s
[    8.080525] raid6: sse2x4   xor()  7668 MB/s
[    8.198246] raid6: avx2x1   gen() 25943 MB/s
[    8.308153] raid6: avx2x1   xor() 18891 MB/s
[    8.452005] raid6: avx2x2   gen() 30037 MB/s
[    8.564230] raid6: avx2x2   xor() 18925 MB/s
[    8.696577] raid6: avx2x4   gen() 34473 MB/s
[    8.816327] raid6: avx2x4   xor() 20403 MB/s
[    8.928832] raid6: using algorithm avx2x4 gen() 34473 MB/s
[    8.996696] raid6: .... xor() 20403 MB/s, rmw enabled
[    9.099214] raid6: using avx2x2 recovery algorithm
[    9.101917] xor: automatically using best checksumming function   avx       
[    9.117638] async_tx: api initialized (async)
done.
Begin: Running /scripts/init-premount ... done.
Begin: Mounting root file system ... Begin: Running /scripts/local-top ... done.
Begin: Running /scripts/local-premount ... [    9.181409] Btrfs loaded, crc32c=crc32c-intel
Scanning for Btrfs filesystems
done.
Warning: fsck no[    9.226715] EXT4-fs (sda1): INFO: recovery required on readonly filesystem
t present, so sk[    9.272358] EXT4-fs (sda1): write access will be enabled during recovery
ipping root file system
[    9.426545] EXT4-fs (sda1): recovery complete
[    9.518197] EXT4-fs (sda1): mounted filesystem with ordered data mode. Opts: (null)
done.
Begin: Running /scripts/local-bottom ... done.
Begin: Running /scripts/init-bottom ... done.
[    9.720864] ip_tables: (C) 2000-2006 Netfilter Core Team
[    9.733685] systemd[1]: systemd 237 running in system mode. (+PAM +AUDIT +SELINUX +IMA +APPARMOR +SMACK +SYSVINIT +UTMP +LIBCRYPTSETUP +GCRYPT +GNUTLS +ACL +XZ +LZ4 +SECCOMP +BLKID +ELFUTILS +KMOD -IDN2 +IDN -PCRE2 default-hierarchy=hybrid)
[   10.950933] systemd[1]: Detected virtualization oracle.
[   10.952431] systemd[1]: Detected architecture x86-64.

Welcome to [1mUbuntu 18.04.2 LTS[0m!

[   10.998728] systemd[1]: Set hostname to <ubuntu-bionic>.
[   11.454386] systemd[1]: Reached target User and Group Name Lookups.
[[0;32m  OK  [0m] Reached target User and Group Name Lookups.
[   11.457239] systemd[1]: Set up automount Arbitrary Executable File Formats File System Automount Point.
[[0;32m  OK  [0m] Set up automount Arbitrary Executab…rmats File System Automount Point.
[   11.460660] systemd[1]: Reached target Swap.
[[0;32m  OK  [0m] Reached target Swap.
[   11.462358] systemd[1]: Started Forward Password Requests to Wall Directory Watch.
[[0;32m  OK  [0m] Started Forward Password Requests to Wall Directory Watch.
[   11.467258] systemd[1]: Created slice System Slice.
[[0;32m  OK  [0m] Created slice System Slice.
[   12.206791] systemd[1]: Listening on Device-mapper event daemon FIFOs.
[[0;32m  OK  [0m] Listening on Device-mapper event daemon FIFOs.
[[0;32m  OK  [0m] Created slice User and Session Slice.
[[0;32m  OK  [0m] Listening on Journal Socket (/dev/log).
[[0;32m  OK  [0m] Listening on /dev/initctl Compatibility Named Pipe.
[[0;32m  OK  [0m] Created slice system-serial\x2dgetty.slice.
[[0;32m  OK  [0m] Listening on Network Service Netlink Socket.
[[0;32m  OK  [0m] Listening on udev Kernel Socket.
[[0;32m  OK  [0m] Reached target System Time Synchronized.
[[0;32m  OK  [0m] Listening on LVM2 poll daemon socket.
[[0;32m  OK  [0m] Listening on Syslog Socket.
[[0;32m  OK  [0m] Listening on udev Control Socket.
[[0;32m  OK  [0m] Listening on LVM2 metadata daemon socket.
[[0;32m  OK  [0m] Listening on Journal Audit Socket.
[[0;32m  OK  [0m] Reached target Slices.
[[0;32m  OK  [0m] Listening on Journal Socket.
         Mounting Kernel Debug File System...
         Starting Monitoring of LVM2 mirrors…ng dmeventd or progress polling...
         Starting Create list of required st…ce nodes for the current kernel...
         Starting Uncomplicated firewall...
         Starting Remount[   12.522775] EXT4-fs (sda1): re-mounted. Opts: (null)
 Root and Kernel File Systems...
         Starting udev Coldplug all Devices...
         Starting Set the console keyboard layout...
         Mounting Huge Pages File System...
         Mounting POSIX Message Queue File System...
         Starting Load Kernel Modules...
         Starting Journal Service...
[[0;32m  OK  [0[   12.603730] Loading iSCSI transport class v2.0-870.
m] Mounted Kernel Debug File System.
[[0;32m  OK  [0m] Started Create list of required sta…vice nodes for the current kernel.
[[0;32m  OK  [0m] Started Uncom[   12.666223] iscsi: registered transport (tcp)
plicated firewall.
[[0;32m  OK  [0m] Started Journal Service.
[[0;32m  OK  [0[   12.747379] iscsi: registered transport (iser)
m] Started Remount Root and Kernel File Systems.
[[0;32m  OK  [0m] Started Set the console keyboard layout.
[[0;32m  OK  [0m] Mounted Huge Pages File System.
[[0;32m  OK  [0m] Mounted POSIX Message Queue File System.
[[0;32m  OK  [0m] Started Load Kernel Modules.
[[0;32m  OK  [0m] Started udev Coldplug all Devices.
[[0;32m  OK  [0m] Started LVM2 met[   12.891566] random: crng init done
adata daemon.
[   12.940454] random: 7 urandom warning(s) missed due to ratelimiting
         Starting Apply Kernel Variables...
         Mounting FUSE Control File System...
         Mounting Kernel Configuration File System...
         Starting Load/Save Random Seed...
         Starting Flush Journal to Persistent Storage...
         Starting Create Static Device Nodes in /dev...
[[0;32m  OK  [0m] Started Monitoring of LVM2 mirrors,…sing dmeventd or progress polling.
[[0;32m  OK  [0m] Mounted FUSE Control File System.
[[0;32m  OK  [0m] Started Apply Kernel Variables.
[[0;32m  OK  [0m] Mounted Kernel Configuration File System.
[[0;32m  OK  [0m] Started Load/Save Random Seed.
[[0;32m  OK  [0m] Started Create Static Device Nodes in /dev.
         Starting udev Kernel Device Manager...
[[0;32m  OK  [0m] Reached target Local File Systems (Pre).
[[0;32m  OK  [0m] Reached target Local File Systems.
         Starting ebtables ruleset management...
         Starting AppArmor initialization...
         Starting Tell Plymouth To Write Out Runtime Data...
         Starting Set console font and keymap...
[[0;32m  OK  [0m] Started udev Kernel Device Manager.
[[0;32m  OK  [0m] Started Dispatch Password Requests to Console Directory Watch.
[[0;32m  OK  [0m] Reached target Local Encrypted Volumes.
[[0;32m  OK  [0m] Started Tell Plymouth To Write Out Runtime Data.
[[0;32m  OK  [0m] Started Set console font and keymap.
[[0;32m  OK  [0m] Started ebtables ruleset management.
[[0;32m  OK  [0m] Started Flush Journal to Persistent Storage.
         Starting Create Volatile Files and Directories...
[[0;32m  OK  [0m] Found device /dev/ttyS0.
[[0;32m  OK  [0m] Started Create Volatile Files and Directories.
         Starting Update UTMP about System Boot/Shutdown...
[[0;32m  OK  [0m] Started Update UTMP about System Boot/Shutdown.
[[0;32m  OK  [0m] Listening on Load/Save RF Kill Switch Status /dev/rfkill Watch.
[[0;32m  OK  [0m] Started AppArmor initialization.
         Starting Initial cloud-init job (pre-networking)...
[   15.636853] cloud-init[540]: Cloud-init v. 19.1-1-gbaa47854-0ubuntu1~18.04.1 running 'init-local' at Thu, 18 Jul 2019 11:31:39 +0000. Up 15.43 seconds.
[[0;32m  OK  [0m] Started Initial cloud-init job (pre-networking).
[[0;32m  OK  [0m] Reached target Network (Pre).
         Starting Network Service...
[[0;32m  OK  [0m] Started Network Service.
         Starting Wait for Network to be Configured...
         Starting Network Name Resolution...
[[0;32m  OK  [0m] Started Network Name Resolution.
[[0;32m  OK  [0m] Reached target Host and Network Name Lookups.
[[0;32m  OK  [0m] Reached target Network.
[[0;32m  OK  [0m] Started Wait for Network to be Configured.
         Starting Initial cloud-init job (metadata service crawler)...
[   18.559508] cloud-init[714]: Cloud-init v. 19.1-1-gbaa47854-0ubuntu1~18.04.1 running 'init' at Thu, 18 Jul 2019 11:31:42 +0000. Up 18.39 seconds.
[   18.632422] cloud-init[714]: ci-info: ++++++++++++++++++++++++++++++++++++++Net device info+++++++++++++++++++++++++++++++++++++++
[   18.641865] cloud-init[714]: ci-info: +--------+------+-----------------------------+---------------+--------+-------------------+
[   18.664342] cloud-init[714]: ci-info: | Device |  Up  |           Address           |      Mask     | Scope  |     Hw-Address    |
[   18.684752] cloud-init[714]: ci-info: +--------+------+-----------------------------+---------------+--------+-------------------+
[   18.724263] cloud-init[714]: ci-info: | enp0s3 | True |          10.0.2.15          | 255.255.255.0 | global | 02:06:b1:f3:7b:7f |
[[0;32m  OK  [0m] Started Initial cloud-init job (metadata service crawler).
[   18.817233] [[0;32m  OK  [0m] Reached target System Initialization.
cloud-init[714]: ci-info: | enp0s3 | True |  fe80::6:b1ff:fef3:7b7f/64  |       .       |  link  | 02:06:b1:f3:7b:7f |
[   18.837771] cloud-init[714]: ci-info: | enp0s8 | True |        192.168.33.10        | 255.255.255.0 | global | 08:00:27:e6:28:6f |
[   18.837832] cloud-init[714]: ci-info: | enp0s8 | True | fe80::a00:27ff:fee6:286f/64 |       .       |  link  | 08:00:27:e6:28:6f |
[   18.837868] cloud-init[714]: ci-info: |   lo   | True |          127.0.0.1          |   255.0.0.0   |  host  |         .         |
[   18.837901] cloud-init[714]: ci-info: |   lo   | True |           ::1/128           |       .       |  host  |         .         |
[   18.837937] cloud-init[714]: ci-info: +--------+------+-----------------------------+---------------+--------+-------------------+
[   18.838097] cloud-init[714]: ci-info: +++++++++++++++++++++++++++++Route IPv4 info+++++++++++++++++++++++++++++
[   18.838133] cloud-init[714]: ci-info: +-------+--------------+----------+-----------------+-----------+-------+
[   18.838176] cloud-init[714]: ci-info: | Route | Destination  | Gateway  |     Genmask     | Interface | Flags |
[   18.838213] cloud-init[714]: ci-info: +-------+--------------+----------+-----------------+-----------+-------+
[[0;32m  OK  [0m] Started Discard unused blocks once a week.
[[0;32m  OK  [0m] Started Daily apt download activities.
         Starting Socket activation for snappy daemon.
[[0;32m  OK  [0m] Started Daily Cleanup of Temporary Directories.
[[0;32m  OK  [0m] Started Message of the Day.
[[0;32m  OK  [0m] Listening on Open-iSCSI iscsid Socket.
[[0;32m  OK  [0m] Listening on ACPID Listen Socket.
[[0;32m  OK  [0m] Listening on UUID daemon activation socket.
[[0;32m  OK  [0m] Listening on D-Bus System Message Bus Socket.
[   18.838265] cloud-init[714]: ci-info: |   0   |   0.0.0.0    | 10.0.2.2 |     0.0.0.0     |   enp0s3  |   UG  |
[[0;32m  OK  [0m] Started ACPI Events Check.
[[0;32m  OK  [0m] Reached target Paths.
[   19.243522] cloud-init[714]: ci-info: |   1   |   10.0.2.0   | 0.0.0.0  |  255.255.255.0  |   enp0s3  |   U   |
         Starting LXD - unix socket.
[   19.278948] [cloud-init[0;32m  OK  [0m[714]: ] ci-info: |   2   |   10.0.2.2   | 0.0.0.0  | 255.255.255.255 |   enp0s3  |   UH  |Started Daily apt upgrade and clean activities.

[[0;32m  OK  [0m] Reached target Timers.
[[0;32m  OK  [0m] Reached target Cloud-config availability.
[[0;32m  OK  [0m] Reached target Network is Online.
[   19.316945] cloud-init[714]: ci-info: |   3   | 192.168.33.0 | 0.0.0.0  |  255.255.255.0  |   enp0s8  |   U   |
         Starting Availability of block devices...
[[0;32m  OK  [0m] Reached target Remote File Systems (Pre).
[[0;32m  OK  [0m] Reached target Remote File Systems.
[   19.436208] cloud-init[714]: ci-info: +-------+--------------+----------+-----------------+-----------+-------+
[[0;32m  OK  [0m] Listening on Socket activation for snappy daemon.
[   19.604219] [[0;32m  OK  [0m] Listening on LXD - unix socket.
[[0;32m  OK  [0m] Started Availability of block devices.
[[0;32m  OK  [0m] Reached target Sockets.
[[0;32m  OK  [0m] Reached target Basic System.
         Starting vboxadd.service...
         Starting Accounts Service...
cloud-init[714]: [[0;32m  OK  [0m] Started Deferred execution scheduler.
ci-info: +++++++++++++++++++Route IPv6 info+++++++++++++++++++
         Starting LSB: automatic crash report generation...
[   19.649253] cloud-init[714]:          Starting LSB: Record successful boot for GRUB...
ci-info: +-------+-------------+---------+-----------+-------+
[   19.678126] cloud-init[714]: ci-info: | Route | Destination | Gateway | Interface | Flags |
[   19.692023] cloud-init[714]: ci-info: +-------+-------------+---------+-----------+-------+
[   19.695853] cloud-init[714]: ci-info: |   1   |  fe80::/64  |    ::   |   enp0s8  |   U   |
[   19.700838] cloud-init[714]: ci-info: |   2   |  fe80::/64  |    ::   |   enp0s3  |   U   |
[   19.708294] cloud-init[714]: ci-info: |   4   |    local    |    ::   |   enp0s3  |   U   |
[   19.718542] cloud-init[714]: ci-info: |   5   |    local    |    ::   |   enp0s8  |   U   |
[[0;32m  OK  [0m] Started Regular background program processing daemon.
[   19.723797] cloud-init[714]: ci-info: |   6   |   ff00::/8  |    ::   |   enp0s8  |   U   |
         Starting OpenBSD Secure Shell server...
[   19.766643] cloud-init[714]: [[0;32m  OK  [0m] Started FUSE filesystem for LXC.
ci-info: |   7   |   ff00::/8  |    ::   |   enp0s3  |   U   |
         Starting System Logging Service...
[   19.770062] cloud-init[714]:          Starting Login Service...
ci-info: +-------+-------------+---------+-----------+-------+
         Starting Permit User Sessions...
         Starting Dispatcher daemon for systemd-networkd...
[[0;32m  OK  [0m] Started irqbalance daemon.
[[0;32m  OK  [0m] Started D-Bus System Message Bus.
[[0;32m  OK  [0m] Started Login Service.
         Starting LXD - container startup/shutdown...
[[0;32m  OK  [0m] Started Unattended Upgrades Shutdown.
         Starting Snappy daemon...
[[0;32m  OK  [0m] Started System Logging Service.
[[0;32m  OK  [0m] Started Permit User Sessions.
[[0;32m  OK  [0m] Started OpenBSD Secure Shell server.
         Starting Authorization Manager...
         Starting Hold until boot process finishes up...
         Starting Terminate Plymouth Boot Screen...
[[0;32m  OK  [0m] Started Hold until boot process finishes up.
[[0;32m  OK  [0m] Started Terminate Plymouth Boot Screen.
[[0;32m  OK  [0m] Started Serial Getty on ttyS0.
         Starting Set console scheme...
[[0;32m  OK  [0m] Started LSB: automatic crash report generation.
[[0;32m  OK  [0m] Started Set console scheme.
[[0;32m  OK  [0m] Created slice system-getty.slice.
[[0;32m  OK  [0m] Started Getty on tty1.
[[0;32m  OK  [0m] Reached target Login Prompts.
[[0;32m  OK  [0m] Started LSB: Record successful boot for GRUB.
[[0;32m  OK  [0m] Started Authorization Manager.
[[0;32m  OK  [0m] Started Accounts Service.
[[0;32m  OK  [0m] Started LXD - container startup/shutdown.
[[0;32m  OK  [0m] Started vboxadd.service.
         Starting vboxadd-service.service...
[[0;32m  OK  [0m] Started Snappy daemon.
         Starting Wait until snapd is fully seeded...
[[0;32m  OK  [0m] Started Dispatcher daemon for systemd-networkd.
[[0;32m  OK  [0m] Started vboxadd-service.service.
[[0;32m  OK  [0m] Started Wait until snapd is fully seeded.
         Starting Apply the settings specified in cloud-config...
[[0;32m  OK  [0m] Reached target Multi-User System.
[[0;32m  OK  [0m] Reached target Graphical Interface.
         Starting Update UTMP about System Runlevel Changes...
[[0;32m  OK  [0m] Started Update UTMP about System Runlevel Changes.
[[0;32m  OK  [0m] Created slice User Slice of vagrant.
         Starting User Manager for UID 1000...
[[0;32m  OK  [0m] Started Session 1 of user vagrant.
[   21.488316] cloud-init[1206]: Cloud-init v. 19.1-1-gbaa47854-0ubuntu1~18.04.1 running 'modules:config' at Thu, 18 Jul 2019 11:31:45 +0000. Up 21.35 seconds.
[[0;32m  OK  [0m] Started Apply the settings specified in cloud-config.
         Starting Execute cloud user/final scripts...
[[0;32m  OK  [0m] Started User Manager for UID 1000.
[   22.106027] cloud-init[1276]: Cloud-init v. 19.1-1-gbaa47854-0ubuntu1~18.04.1 running 'modules:final' at Thu, 18 Jul 2019 11:31:45 +0000. Up 21.97 seconds.
[   22.110694] cloud-init[1276]: Cloud-init v. 19.1-1-gbaa47854-0ubuntu1~18.04.1 finished at Thu, 18 Jul 2019 11:31:45 +0000. Datasource DataSourceNoCloud [seed=/dev/sdb][dsmode=net].  Up 22.10 seconds
[[0;32m  OK  [0m] Started Execute cloud user/final scripts.
[[0;32m  OK  [0m] Reached target Cloud-init target.

Ubuntu 18.04.2 LTS ubuntu-bionic ttyS0

ubuntu-bionic login:          Stopping Authoi         Stopping Availability of block devices...
         Stopping LSB: Record successful boot for GRUB...
[[0;32m  OK  [0m] Stopped Apply the settings specified in cloud-config.
[[0;32m  OK  [0m] Stopped target Cloud-config availability.
[[0;32m  OK  [0m] Stopped target Network is Online.
[[0;32m  OK  [0m] Stopped Wait until snapd is fully seeded.
         Stopping User Manager for UID 1000...
         Stopping LSB: automatic crash report generation...
[[0;32m  OK  [0m] Unmounted /var/lib/lxcfs.
[[0;32m  OK  [0m] Stopped Accounts Service.
[[0;32m  OK  [0m] Stopped Deferred execution scheduler.
[[0;32m  OK  [0m] Stopped Regular background program processing daemon.
[[0;32m  OK  [0m] Stopped System Logging Service.
[[0;32m  OK  [0m] Stopped Dispatcher daemon for systemd-networkd.
[[0;32m  OK  [0m] Stopped irqbalance daemon.
[[0;32m  OK  [0m] Stopped Unattended Upgrades Shutdown.
[[0;32m  OK  [0m] Stopped OpenBSD Secure Shell server.
[[0;32m  OK  [0m] Stopped Authorization Manager.
[[0;32m  OK  [0m] Stopped Serial Getty on ttyS0.
[[0;32m  OK  [0m] Stopped Getty on tty1.
[[0;32m  OK  [0m] Stopped User Manager for UID 1000.
[[0;32m  OK  [0m] Stopped D-Bus System Message Bus.
[[0;32m  OK  [0m] Stopped Availability of block devices.
[[0;32m  OK  [0m] Stopped FUSE filesystem for LXC.
[[0;32m  OK  [0m] Stopped Session 5 of user vagrant.
[[0;32m  OK  [0m] Removed slice User Slice of vagrant.
[[0;32m  OK  [0m] Removed slice system-getty.slice.
[[0;32m  OK  [0m] Removed slice system-serial\x2dgetty.slice.
         Stopping Permit User Sessions...
         Stopping Login Service...
[[0;32m  OK  [0m] Stopped LSB: Record successful boot for GRUB.
[[0;32m  OK  [0m] Stopped LXD - container startup/shutdown.
[[0;32m  OK  [0m] Stopped Permit User Sessions.
[[0;32m  OK  [0m] Stopped target Network.
         Stopping Network Name Resolution...
[[0;32m  OK  [0m] Stopped LSB: automatic crash report generation.
[[0;32m  OK  [0m] Stopped target Remote File Systems.
[[0;32m  OK  [0m] Stopped target Remote File Systems (Pre).
[[0;32m  OK  [0m] Stopped Network Name Resolution.
         Stopping Network Service...
[[0;32m  OK  [0m] Stopped Login Service.
[[0;32m  OK  [0m] Stopped target User and Group Name Lookups.
[[0;32m  OK  [0m] Stopped Network Service.
[[0;32m  OK  [0m] Stopped target Network (Pre).
[[0;32m  OK  [0m] Stopped vboxadd-service.service.
         Stopping vboxadd.service...
[[0;32m  OK  [0m] Unmounted /vagrant.
[[0;32m  OK  [0m] Stopped vboxadd.service.
[[0;32m  OK  [0m] Stopped target Basic System.
[[0;32m  OK  [0m] Stopped target Sockets.
[[0;32m  OK  [0m] Closed Syslog Socket.
[[0;32m  OK  [0m] Closed UUID daemon activation socket.
[[0;32m  OK  [0m] Closed ACPID Listen Socket.
[[0;32m  OK  [0m] Closed LXD - unix socket.
[[0;32m  OK  [0m] Closed Open-iSCSI iscsid Socket.
[[0;32m  OK  [0m] Closed D-Bus System Message Bus Socket.
[[0;32m  OK  [0m] Closed Socket activation for snappy daemon.
[[0;32m  OK  [0m] Stopped target Paths.
[[0;32m  OK  [0m] Stopped ACPI Events Check.
[[0;32m  OK  [0m] Stopped target System Initialization.
[[0;32m  OK  [0m] Stopped Apply Kernel Variables.
         Stopping Update UTMP about System Boot/Shutdown...
         Stopping Load/Save Random Seed...
[[0;32m  OK  [0m] Stopped Initial cloud-init job (metadata service crawler).
[[0;32m  OK  [0m] Stopped Initial cloud-init job (pre-networking).
[[0;32m  OK  [0m] Stopped target Local Encrypted Volumes.
[[0;32m  OK  [0m] Stopped Dispatch Password Requests to Console Directory Watch.
[[0;32m  OK  [0m] Stopped Forward Password Requests to Wall Directory Watch.
[[0;32m  OK  [0m] Stopped Load Kernel Modules.
[[0;32m  OK  [0m] Stopped target Slices.
[[0;32m  OK  [0m] Removed slice User and Session Slice.
[[0;32m  OK  [0m] Stopped Load/Save Random Seed.
[[0;32m  OK  [0m] Stopped Update UTMP about System Boot/Shutdown.
[[0;32m  OK  [0m] Stopped Create Volatile Files and Directories.
[[0;32m  OK  [0m] Stopped target Local File Systems.
         Unmounting /run/user/1000...
[[0;32m  OK  [0m] Unmounted /run/user/1000.
[[0;32m  OK  [0m] Reached target Unmount All Filesystems.
[[0;32m  OK  [0m] Stopped target Local File Systems (Pre).
         Stopping Monitoring of LVM2 mirrors…ng dmeventd or progress polling...
[[0;32m  OK  [0m] Stopped Remount Root and Kernel File Systems.
[[0;32m  OK  [0m] Stopped Create Static Device Nodes in /dev.
[[0;32m  OK  [0m] Stopped target Swap.
[[0;32m  OK  [0m] Reached target Shutdown.
[[0;32m  OK  [0m] Reached target Final Step.
         Starting Power-Off...
[[0;32m  OK  [0m] Stopped Monitoring of LVM2 mirrors,…sing dmeventd or progress polling.
         Stopping LVM2 metadata daemon...
[[0;32m  OK  [0m] Stopped LVM2 metadata daemon.
[ 1637.105404] reboot: Power down
