Started GET "/users/sign_in" for 10.0.2.2 at 2019-07-13 05:52:28 +0000
Cannot render console from 10.0.2.2! Allowed networks: 127.0.0.1, ::1, 127.0.0.0/127.255.255.255
  
ActiveRecord::PendingMigrationError (

Migrations are pending. To resolve this issue, run:

        bin/rails db:migrate RAILS_ENV=development

):
  
activerecord (5.2.3) lib/active_record/migration.rb:579:in `check_pending!'
activerecord (5.2.3) lib/active_record/migration.rb:556:in `call'
actionpack (5.2.3) lib/action_dispatch/middleware/callbacks.rb:28:in `block in call'
activesupport (5.2.3) lib/active_support/callbacks.rb:98:in `run_callbacks'
actionpack (5.2.3) lib/action_dispatch/middleware/callbacks.rb:26:in `call'
actionpack (5.2.3) lib/action_dispatch/middleware/executor.rb:14:in `call'
actionpack (5.2.3) lib/action_dispatch/middleware/debug_exceptions.rb:61:in `call'
web-console (3.7.0) lib/web_console/middleware.rb:135:in `call_app'
web-console (3.7.0) lib/web_console/middleware.rb:22:in `block in call'
web-console (3.7.0) lib/web_console/middleware.rb:20:in `catch'
web-console (3.7.0) lib/web_console/middleware.rb:20:in `call'
actionpack (5.2.3) lib/action_dispatch/middleware/show_exceptions.rb:33:in `call'
railties (5.2.3) lib/rails/rack/logger.rb:38:in `call_app'
railties (5.2.3) lib/rails/rack/logger.rb:26:in `block in call'
activesupport (5.2.3) lib/active_support/tagged_logging.rb:71:in `block in tagged'
activesupport (5.2.3) lib/active_support/tagged_logging.rb:28:in `tagged'
activesupport (5.2.3) lib/active_support/tagged_logging.rb:71:in `tagged'
railties (5.2.3) lib/rails/rack/logger.rb:26:in `call'
sprockets-rails (3.2.1) lib/sprockets/rails/quiet_assets.rb:13:in `call'
actionpack (5.2.3) lib/action_dispatch/middleware/remote_ip.rb:81:in `call'
actionpack (5.2.3) lib/action_dispatch/middleware/request_id.rb:27:in `call'
rack (2.0.7) lib/rack/method_override.rb:22:in `call'
rack (2.0.7) lib/rack/runtime.rb:22:in `call'
activesupport (5.2.3) lib/active_support/cache/strategy/local_cache_middleware.rb:29:in `call'
actionpack (5.2.3) lib/action_dispatch/middleware/executor.rb:14:in `call'
actionpack (5.2.3) lib/action_dispatch/middleware/static.rb:127:in `call'
rack (2.0.7) lib/rack/sendfile.rb:111:in `call'
railties (5.2.3) lib/rails/engine.rb:524:in `call'
puma (3.12.1) lib/puma/configuration.rb:227:in `call'
puma (3.12.1) lib/puma/server.rb:660:in `handle_request'
puma (3.12.1) lib/puma/server.rb:474:in `process_client'
puma (3.12.1) lib/puma/server.rb:334:in `block in run'
puma (3.12.1) lib/puma/thread_pool.rb:135:in `block in spawn_thread'
  [1m[35m (0.1ms)[0m  [1m[34mSELECT sqlite_version(*)[0m
  ↳ bin/rails:9
  [1m[35m (4.2ms)[0m  [1m[35mCREATE TABLE "schema_migrations" ("version" varchar NOT NULL PRIMARY KEY)[0m
  ↳ bin/rails:9
  [1m[35m (5.0ms)[0m  [1m[35mCREATE TABLE "ar_internal_metadata" ("key" varchar NOT NULL PRIMARY KEY, "value" varchar, "created_at" datetime NOT NULL, "updated_at" datetime NOT NULL)[0m
  ↳ bin/rails:9
  [1m[35m (1.3ms)[0m  [1m[34mSELECT "schema_migrations"."version" FROM "schema_migrations" ORDER BY "schema_migrations"."version" ASC[0m
  ↳ bin/rails:9
Migrating to DeviseCreateAdmins (20190713030938)
  [1m[35m (0.1ms)[0m  [1m[36mbegin transaction[0m
  ↳ bin/rails:9
  [1m[35m (3.1ms)[0m  [1m[35mCREATE TABLE "admins" ("id" integer PRIMARY KEY AUTOINCREMENT NOT NULL, "email" varchar DEFAULT '' NOT NULL, "encrypted_password" varchar DEFAULT '' NOT NULL, "reset_password_token" varchar, "reset_password_sent_at" datetime, "remember_created_at" datetime, "sign_in_count" integer DEFAULT 0 NOT NULL, "current_sign_in_at" datetime, "last_sign_in_at" datetime, "current_sign_in_ip" varchar, "last_sign_in_ip" varchar, "created_at" datetime NOT NULL, "updated_at" datetime NOT NULL)[0m
  ↳ db/migrate/20190713030938_devise_create_admins.rb:5
  [1m[35m (0.1ms)[0m  [1m[35mCREATE UNIQUE INDEX "index_admins_on_email" ON "admins" ("email")[0m
  ↳ db/migrate/20190713030938_devise_create_admins.rb:39
  [1m[35m (0.1ms)[0m  [1m[35mCREATE UNIQUE INDEX "index_admins_on_reset_password_token" ON "admins" ("reset_password_token")[0m
  ↳ db/migrate/20190713030938_devise_create_admins.rb:40
  [1m[36mActiveRecord::SchemaMigration Create (0.6ms)[0m  [1m[32mINSERT INTO "schema_migrations" ("version") VALUES (?)[0m  [["version", "20190713030938"]]
  ↳ bin/rails:9
  [1m[35m (3.5ms)[0m  [1m[36mcommit transaction[0m
  ↳ bin/rails:9
Migrating to DeviseCreateUsers (20190713030956)
  [1m[35m (0.1ms)[0m  [1m[36mbegin transaction[0m
  ↳ bin/rails:9
  [1m[35m (2.9ms)[0m  [1m[35mCREATE TABLE "users" ("id" integer PRIMARY KEY AUTOINCREMENT NOT NULL, "email" varchar DEFAULT '' NOT NULL, "encrypted_password" varchar DEFAULT '' NOT NULL, "reset_password_token" varchar, "reset_password_sent_at" datetime, "remember_created_at" datetime, "sign_in_count" integer DEFAULT 0 NOT NULL, "current_sign_in_at" datetime, "last_sign_in_at" datetime, "current_sign_in_ip" varchar, "last_sign_in_ip" varchar, "last_name" varchar, "first_name" varchar, "last_kana" varchar, "first_kana" varchar, "zip_code" varchar, "address" varchar, "tel" varchar, "member_status" integer, "created_at" datetime NOT NULL, "updated_at" datetime NOT NULL)[0m
  ↳ db/migrate/20190713030956_devise_create_users.rb:5
  [1m[35m (0.4ms)[0m  [1m[35mCREATE UNIQUE INDEX "index_users_on_email" ON "users" ("email")[0m
  ↳ db/migrate/20190713030956_devise_create_users.rb:45
  [1m[35m (0.1ms)[0m  [1m[35mCREATE UNIQUE INDEX "index_users_on_reset_password_token" ON "users" ("reset_password_token")[0m
  ↳ db/migrate/20190713030956_devise_create_users.rb:46
  [1m[36mActiveRecord::SchemaMigration Create (0.5ms)[0m  [1m[32mINSERT INTO "schema_migrations" ("version") VALUES (?)[0m  [["version", "20190713030956"]]
  ↳ bin/rails:9
  [1m[35m (2.6ms)[0m  [1m[36mcommit transaction[0m
  ↳ bin/rails:9
Migrating to CreateShips (20190713031431)
  [1m[35m (0.4ms)[0m  [1m[36mbegin transaction[0m
  ↳ bin/rails:9
  [1m[35m (4.0ms)[0m  [1m[35mCREATE TABLE "ships" ("id" integer PRIMARY KEY AUTOINCREMENT NOT NULL, "user_id" integer, "name" varchar, "address" varchar, "tel" varchar, "code" varchar, "created_at" datetime NOT NULL, "updated_at" datetime NOT NULL)[0m
  ↳ db/migrate/20190713031431_create_ships.rb:3
  [1m[36mActiveRecord::SchemaMigration Create (0.7ms)[0m  [1m[32mINSERT INTO "schema_migrations" ("version") VALUES (?)[0m  [["version", "20190713031431"]]
  ↳ bin/rails:9
  [1m[35m (3.2ms)[0m  [1m[36mcommit transaction[0m
  ↳ bin/rails:9
Migrating to CreateProducts (20190713031900)
  [1m[35m (0.2ms)[0m  [1m[36mbegin transaction[0m
  ↳ bin/rails:9
  [1m[35m (3.0ms)[0m  [1m[35mCREATE TABLE "products" ("id" integer PRIMARY KEY AUTOINCREMENT NOT NULL, "genre_id" integer, "label_id" integer, "artist_id" integer, "cd_title" varchar, "notax_price" integer, "stock" integer, "stock_status" integer, "created_at" datetime NOT NULL, "updated_at" datetime NOT NULL)[0m
  ↳ db/migrate/20190713031900_create_products.rb:3
  [1m[36mActiveRecord::SchemaMigration Create (0.8ms)[0m  [1m[32mINSERT INTO "schema_migrations" ("version") VALUES (?)[0m  [["version", "20190713031900"]]
  ↳ bin/rails:9
  [1m[35m (2.9ms)[0m  [1m[36mcommit transaction[0m
  ↳ bin/rails:9
Migrating to CreateDiscs (20190713032027)
  [1m[35m (0.1ms)[0m  [1m[36mbegin transaction[0m
  ↳ bin/rails:9
  [1m[35m (3.8ms)[0m  [1m[35mCREATE TABLE "discs" ("id" integer PRIMARY KEY AUTOINCREMENT NOT NULL, "products_id" integer, "disc_num" integer, "created_at" datetime NOT NULL, "updated_at" datetime NOT NULL)[0m
  ↳ db/migrate/20190713032027_create_discs.rb:3
  [1m[36mActiveRecord::SchemaMigration Create (0.8ms)[0m  [1m[32mINSERT INTO "schema_migrations" ("version") VALUES (?)[0m  [["version", "20190713032027"]]
  ↳ bin/rails:9
  [1m[35m (3.0ms)[0m  [1m[36mcommit transaction[0m
  ↳ bin/rails:9
Migrating to CreateSongs (20190713032244)
  [1m[35m (0.1ms)[0m  [1m[36mbegin transaction[0m
  ↳ bin/rails:9
  [1m[35m (4.3ms)[0m  [1m[35mCREATE TABLE "songs" ("id" integer PRIMARY KEY AUTOINCREMENT NOT NULL, "disc_id" integer, "track_num" integer, "song" varchar, "created_at" datetime NOT NULL, "updated_at" datetime NOT NULL)[0m
  ↳ db/migrate/20190713032244_create_songs.rb:3
  [1m[36mActiveRecord::SchemaMigration Create (0.8ms)[0m  [1m[32mINSERT INTO "schema_migrations" ("version") VALUES (?)[0m  [["version", "20190713032244"]]
  ↳ bin/rails:9
  [1m[35m (3.5ms)[0m  [1m[36mcommit transaction[0m
  ↳ bin/rails:9
Migrating to CreateLabels (20190713032338)
  [1m[35m (0.1ms)[0m  [1m[36mbegin transaction[0m
  ↳ bin/rails:9
  [1m[35m (3.6ms)[0m  [1m[35mCREATE TABLE "labels" ("id" integer PRIMARY KEY AUTOINCREMENT NOT NULL, "label" varchar, "created_at" datetime NOT NULL, "updated_at" datetime NOT NULL)[0m
  ↳ db/migrate/20190713032338_create_labels.rb:3
  [1m[36mActiveRecord::SchemaMigration Create (1.0ms)[0m  [1m[32mINSERT INTO "schema_migrations" ("version") VALUES (?)[0m  [["version", "20190713032338"]]
  ↳ bin/rails:9
  [1m[35m (2.8ms)[0m  [1m[36mcommit transaction[0m
  ↳ bin/rails:9
Migrating to CreateArtists (20190713032452)
  [1m[35m (0.1ms)[0m  [1m[36mbegin transaction[0m
  ↳ bin/rails:9
  [1m[35m (2.7ms)[0m  [1m[35mCREATE TABLE "artists" ("id" integer PRIMARY KEY AUTOINCREMENT NOT NULL, "artist" varchar, "created_at" datetime NOT NULL, "updated_at" datetime NOT NULL)[0m
  ↳ db/migrate/20190713032452_create_artists.rb:3
  [1m[36mActiveRecord::SchemaMigration Create (0.8ms)[0m  [1m[32mINSERT INTO "schema_migrations" ("version") VALUES (?)[0m  [["version", "20190713032452"]]
  ↳ bin/rails:9
  [1m[35m (3.6ms)[0m  [1m[36mcommit transaction[0m
  ↳ bin/rails:9
Migrating to CreateGenres (20190713032622)
  [1m[35m (0.1ms)[0m  [1m[36mbegin transaction[0m
  ↳ bin/rails:9
  [1m[35m (4.2ms)[0m  [1m[35mCREATE TABLE "genres" ("id" integer PRIMARY KEY AUTOINCREMENT NOT NULL, "genre" varchar, "created_at" datetime NOT NULL, "updated_at" datetime NOT NULL)[0m
  ↳ db/migrate/20190713032622_create_genres.rb:3
  [1m[36mActiveRecord::SchemaMigration Create (1.2ms)[0m  [1m[32mINSERT INTO "schema_migrations" ("version") VALUES (?)[0m  [["version", "20190713032622"]]
  ↳ bin/rails:9
  [1m[35m (3.0ms)[0m  [1m[36mcommit transaction[0m
  ↳ bin/rails:9
Migrating to CreateCartitems (20190713032819)
  [1m[35m (0.1ms)[0m  [1m[36mbegin transaction[0m
  ↳ bin/rails:9
  [1m[35m (3.7ms)[0m  [1m[35mCREATE TABLE "cartitems" ("id" integer PRIMARY KEY AUTOINCREMENT NOT NULL, "user_id" integer, "product_id" integer, "buy_num" integer, "created_at" datetime NOT NULL, "updated_at" datetime NOT NULL)[0m
  ↳ db/migrate/20190713032819_create_cartitems.rb:3
  [1m[36mActiveRecord::SchemaMigration Create (0.7ms)[0m  [1m[32mINSERT INTO "schema_migrations" ("version") VALUES (?)[0m  [["version", "20190713032819"]]
  ↳ bin/rails:9
  [1m[35m (3.8ms)[0m  [1m[36mcommit transaction[0m
  ↳ bin/rails:9
Migrating to CreateSellDetails (20190713033023)
  [1m[35m (0.1ms)[0m  [1m[36mbegin transaction[0m
  ↳ bin/rails:9
  [1m[35m (4.0ms)[0m  [1m[35mCREATE TABLE "sell_details" ("id" integer PRIMARY KEY AUTOINCREMENT NOT NULL, "Sell_id" integer, "products_id" integer, "sell_num" integer, "created_at" datetime NOT NULL, "updated_at" datetime NOT NULL)[0m
  ↳ db/migrate/20190713033023_create_sell_details.rb:3
  [1m[36mActiveRecord::SchemaMigration Create (0.8ms)[0m  [1m[32mINSERT INTO "schema_migrations" ("version") VALUES (?)[0m  [["version", "20190713033023"]]
  ↳ bin/rails:9
  [1m[35m (2.6ms)[0m  [1m[36mcommit transaction[0m
  ↳ bin/rails:9
Migrating to CreateSells (20190713033531)
  [1m[35m (0.1ms)[0m  [1m[36mbegin transaction[0m
  ↳ bin/rails:9
  [1m[35m (3.1ms)[0m  [1m[35mCREATE TABLE "sells" ("id" integer PRIMARY KEY AUTOINCREMENT NOT NULL, "user_id" integer, "pay" integer, "ship_address" varchar, "ship_tel" varchar, "ship_code" varchar, "ship_name" varchar, "ship_cost" integer, "total" integer, "status" integer, "created_at" datetime NOT NULL, "updated_at" datetime NOT NULL)[0m
  ↳ db/migrate/20190713033531_create_sells.rb:3
  [1m[36mActiveRecord::SchemaMigration Create (1.2ms)[0m  [1m[32mINSERT INTO "schema_migrations" ("version") VALUES (?)[0m  [["version", "20190713033531"]]
  ↳ bin/rails:9
  [1m[35m (2.6ms)[0m  [1m[36mcommit transaction[0m
  ↳ bin/rails:9
  [1m[36mActiveRecord::InternalMetadata Load (0.8ms)[0m  [1m[34mSELECT  "ar_internal_metadata".* FROM "ar_internal_metadata" WHERE "ar_internal_metadata"."key" = ? LIMIT ?[0m  [["key", "environment"], ["LIMIT", 1]]
  ↳ bin/rails:9
  [1m[35m (0.0ms)[0m  [1m[36mbegin transaction[0m
  ↳ bin/rails:9
  [1m[36mActiveRecord::InternalMetadata Create (2.8ms)[0m  [1m[32mINSERT INTO "ar_internal_metadata" ("key", "value", "created_at", "updated_at") VALUES (?, ?, ?, ?)[0m  [["key", "environment"], ["value", "development"], ["created_at", "2019-07-13 05:53:35.393896"], ["updated_at", "2019-07-13 05:53:35.393896"]]
  ↳ bin/rails:9
  [1m[35m (2.3ms)[0m  [1m[36mcommit transaction[0m
  ↳ bin/rails:9
  [1m[35m (0.5ms)[0m  [1m[34mSELECT "schema_migrations"."version" FROM "schema_migrations" ORDER BY "schema_migrations"."version" ASC[0m
  ↳ bin/rails:9
Started GET "/users/sign_in" for 10.0.2.2 at 2019-07-13 05:53:50 +0000
Cannot render console from 10.0.2.2! Allowed networks: 127.0.0.1, ::1, 127.0.0.0/127.255.255.255
  [1m[35m (1.3ms)[0m  [1m[34mSELECT "schema_migrations"."version" FROM "schema_migrations" ORDER BY "schema_migrations"."version" ASC[0m
  ↳ /var/lib/gems/2.5.0/gems/activerecord-5.2.3/lib/active_record/log_subscriber.rb:98
Processing by UsersController#show as HTML
  Parameters: {"id"=>"sign_in"}
  Rendering users/show.html.erb within layouts/application
  Rendered users/show.html.erb within layouts/application (0.9ms)
Completed 200 OK in 12669ms (Views: 12647.6ms | ActiveRecord: 0.0ms)


Started GET "/users/sign_up" for 10.0.2.2 at 2019-07-13 05:54:06 +0000
Cannot render console from 10.0.2.2! Allowed networks: 127.0.0.1, ::1, 127.0.0.0/127.255.255.255
Processing by UsersController#show as HTML
  Parameters: {"id"=>"sign_up"}
  Rendering users/show.html.erb within layouts/application
  Rendered users/show.html.erb within layouts/application (0.4ms)
Completed 200 OK in 338ms (Views: 318.4ms | ActiveRecord: 0.0ms)


Started GET "/users/sign_up" for 10.0.2.2 at 2019-07-13 05:55:55 +0000
Cannot render console from 10.0.2.2! Allowed networks: 127.0.0.1, ::1, 127.0.0.0/127.255.255.255
Processing by UsersController#show as HTML
  Parameters: {"id"=>"sign_up"}
  Rendering users/show.html.erb within layouts/application
  Rendered users/show.html.erb within layouts/application (0.4ms)
Completed 200 OK in 318ms (Views: 296.6ms | ActiveRecord: 0.0ms)


Started GET "/users/sign_up" for 10.0.2.2 at 2019-07-13 05:56:09 +0000
Cannot render console from 10.0.2.2! Allowed networks: 127.0.0.1, ::1, 127.0.0.0/127.255.255.255
Processing by UsersController#show as HTML
  Parameters: {"id"=>"sign_up"}
  Rendering users/show.html.erb within layouts/application
  Rendered users/show.html.erb within layouts/application (0.4ms)
Completed 200 OK in 316ms (Views: 300.3ms | ActiveRecord: 0.0ms)


Started GET "/users/sign_in" for 10.0.2.2 at 2019-07-13 05:56:13 +0000
Cannot render console from 10.0.2.2! Allowed networks: 127.0.0.1, ::1, 127.0.0.0/127.255.255.255
Processing by UsersController#show as HTML
  Parameters: {"id"=>"sign_in"}
  Rendering users/show.html.erb within layouts/application
  Rendered users/show.html.erb within layouts/application (0.4ms)
Completed 200 OK in 336ms (Views: 323.1ms | ActiveRecord: 0.0ms)


Started GET "/users/sign_up" for 10.0.2.2 at 2019-07-13 05:57:29 +0000
Cannot render console from 10.0.2.2! Allowed networks: 127.0.0.1, ::1, 127.0.0.0/127.255.255.255
  [1m[35m (1.7ms)[0m  [1m[34mSELECT "schema_migrations"."version" FROM "schema_migrations" ORDER BY "schema_migrations"."version" ASC[0m
  ↳ /var/lib/gems/2.5.0/gems/activerecord-5.2.3/lib/active_record/log_subscriber.rb:98
Processing by Devise::RegistrationsController#new as HTML
  Rendering devise/registrations/new.html.erb within layouts/application
  Rendered devise/shared/_error_messages.html.erb (0.8ms)
  Rendered devise/shared/_links.html.erb (0.9ms)
  Rendered devise/registrations/new.html.erb within layouts/application (455.2ms)
Completed 200 OK in 1966ms (Views: 1924.3ms | ActiveRecord: 5.1ms)


Started GET "/users/sign_in" for 10.0.2.2 at 2019-07-13 05:57:34 +0000
Cannot render console from 10.0.2.2! Allowed networks: 127.0.0.1, ::1, 127.0.0.0/127.255.255.255
Processing by Devise::SessionsController#new as HTML
  Rendering devise/sessions/new.html.erb within layouts/application
  Rendered devise/shared/_links.html.erb (1.0ms)
  Rendered devise/sessions/new.html.erb within layouts/application (19.6ms)
Completed 200 OK in 326ms (Views: 322.2ms | ActiveRecord: 0.0ms)


Started GET "/users/sign_up" for 10.0.2.2 at 2019-07-13 05:58:32 +0000
Cannot render console from 10.0.2.2! Allowed networks: 127.0.0.1, ::1, 127.0.0.0/127.255.255.255
  [1m[35m (1.6ms)[0m  [1m[34mSELECT "schema_migrations"."version" FROM "schema_migrations" ORDER BY "schema_migrations"."version" ASC[0m
  ↳ /var/lib/gems/2.5.0/gems/activerecord-5.2.3/lib/active_record/log_subscriber.rb:98
Processing by Devise::RegistrationsController#new as HTML
  Rendering devise/registrations/new.html.erb within layouts/application
  Rendered devise/shared/_error_messages.html.erb (0.8ms)
  Rendered devise/shared/_links.html.erb (1.1ms)
  Rendered devise/registrations/new.html.erb within layouts/application (79.0ms)
Completed 200 OK in 1817ms (Views: 1775.9ms | ActiveRecord: 5.1ms)


Started GET "/users/sign_in" for 10.0.2.2 at 2019-07-13 05:58:36 +0000
Cannot render console from 10.0.2.2! Allowed networks: 127.0.0.1, ::1, 127.0.0.0/127.255.255.255
Processing by Devise::SessionsController#new as HTML
  Rendering devise/sessions/new.html.erb within layouts/application
  Rendered devise/shared/_links.html.erb (0.9ms)
  Rendered devise/sessions/new.html.erb within layouts/application (18.6ms)
Completed 200 OK in 316ms (Views: 314.1ms | ActiveRecord: 0.0ms)


